<?xml version="1.0" encoding="UTF-8"?>
<!-- Generated by org.testng.reporters.JUnitReportReporter -->
<testsuite hostname="DESKTOP-LJIOFAF" name="org.testcases.TC_Search" tests="1" failures="0" timestamp="6 Sep 2022 06:54:32 GMT" time="7.970" errors="0">
  <testcase name="sear" time="7.970" classname="org.testcases.TC_Search"/>
</testsuite> <!-- org.testcases.TC_Search -->
