<?xml version="1.0" encoding="UTF-8"?>
<!-- Generated by org.testng.reporters.JUnitReportReporter -->
<testsuite hostname="DESKTOP-LJIOFAF" name="org.testcases.TC_Register" tests="1" failures="0" timestamp="9 Sep 2022 11:25:10 GMT" time="36.603" errors="0">
  <testcase name="reg" time="36.603" classname="org.testcases.TC_Register"/>
</testsuite> <!-- org.testcases.TC_Register -->
