<?xml version="1.0" encoding="UTF-8"?>
<!-- Generated by org.testng.reporters.JUnitReportReporter -->
<testsuite hostname="DESKTOP-LJIOFAF" name="org.testcases.TC_AddCart" tests="1" failures="0" timestamp="9 Sep 2022 12:34:54 GMT" time="273.670" errors="0">
  <testcase name="addCart" time="273.670" classname="org.testcases.TC_AddCart"/>
</testsuite> <!-- org.testcases.TC_AddCart -->
