<?xml version="1.0" encoding="UTF-8"?>
<!-- Generated by org.testng.reporters.JUnitReportReporter -->
<testsuite hostname="DESKTOP-LJIOFAF" name="org.testcases.TC_Login" tests="1" failures="0" timestamp="9 Sep 2022 12:40:00 GMT" time="145.836" errors="0">
  <testcase name="Login" time="145.836" classname="org.testcases.TC_Login"/>
</testsuite> <!-- org.testcases.TC_Login -->
