<?xml version="1.0" encoding="UTF-8"?>
<!-- Generated by org.testng.reporters.JUnitReportReporter -->
<testsuite hostname="DESKTOP-LJIOFAF" name="org.testcases.TC_Search" tests="1" failures="0" timestamp="9 Sep 2022 12:48:42 GMT" time="2.246" errors="0">
  <testcase name="sear" time="2.246" classname="org.testcases.TC_Search"/>
</testsuite> <!-- org.testcases.TC_Search -->
